<?xml version="1.0" encoding="UTF-8"?>
<coverage generated="1737585354435" clover="3.2.0">
  <project timestamp="1737585354436" name="All files">
    <metrics statements="12" coveredstatements="12" conditionals="2" coveredconditionals="2" methods="4" coveredmethods="4" elements="18" coveredelements="18" complexity="0" loc="12" ncloc="12" packages="1" files="1" classes="1"/>
    <file name="betterTrafficLight.ts" path="C:\Users\dali7\Desktop\SWE OTHER\activity4\src\betterTrafficLight.ts">
      <metrics statements="12" coveredstatements="12" conditionals="2" coveredconditionals="2" methods="4" coveredmethods="4"/>
      <line num="14" count="1" type="stmt"/>
      <line num="33" count="1" type="stmt"/>
      <line num="34" count="4" type="stmt"/>
      <line num="37" count="1" type="stmt"/>
      <line num="38" count="6" type="stmt"/>
      <line num="40" count="6" type="stmt"/>
      <line num="44" count="6" type="cond" truecount="2" falsecount="0"/>
      <line num="45" count="4" type="stmt"/>
      <line num="46" count="4" type="stmt"/>
      <line num="48" count="2" type="stmt"/>
      <line num="53" count="6" type="stmt"/>
      <line num="57" count="4" type="stmt"/>
    </file>
  </project>
</coverage>
