<?xml version="1.0" encoding="UTF-8"?>
<coverage generated="1737585062272" clover="3.2.0">
  <project timestamp="1737585062272" name="All files">
    <metrics statements="13" coveredstatements="13" conditionals="2" coveredconditionals="2" methods="4" coveredmethods="4" elements="19" coveredelements="19" complexity="0" loc="13" ncloc="13" packages="1" files="1" classes="1"/>
    <file name="betterTrafficLight.ts" path="C:\Users\dali7\Desktop\SWE OTHER\activity4\src\betterTrafficLight.ts">
      <metrics statements="13" coveredstatements="13" conditionals="2" coveredconditionals="2" methods="4" coveredmethods="4"/>
      <line num="12" count="1" type="stmt"/>
      <line num="19" count="1" type="stmt"/>
      <line num="26" count="1" type="stmt"/>
      <line num="27" count="4" type="stmt"/>
      <line num="30" count="1" type="stmt"/>
      <line num="31" count="6" type="stmt"/>
      <line num="33" count="6" type="stmt"/>
      <line num="37" count="6" type="cond" truecount="2" falsecount="0"/>
      <line num="38" count="4" type="stmt"/>
      <line num="39" count="4" type="stmt"/>
      <line num="41" count="2" type="stmt"/>
      <line num="46" count="6" type="stmt"/>
      <line num="50" count="4" type="stmt"/>
    </file>
  </project>
</coverage>
