{"C:\\Users\\dali7\\Desktop\\SWE OTHER\\activity4\\src\\betterTrafficLight.ts": {"path":"C:\\Users\\dali7\\Desktop\\SWE OTHER\\activity4\\src\\betterTrafficLight.ts","statementMap":{"0":{"start":{"line":14,"column":47},"end":{"line":31,"column":2}},"1":{"start":{"line":34,"column":2},"end":{"line":34,"column":43}},"2":{"start":{"line":33,"column":0},"end":{"line":33,"column":16}},"3":{"start":{"line":38,"column":17},"end":{"line":38,"column":22}},"4":{"start":{"line":40,"column":13},"end":{"line":40,"column":15}},"5":{"start":{"line":44,"column":4},"end":{"line":49,"column":null}},"6":{"start":{"line":45,"column":6},"end":{"line":45,"column":44}},"7":{"start":{"line":46,"column":6},"end":{"line":46,"column":60}},"8":{"start":{"line":48,"column":6},"end":{"line":48,"column":25}},"9":{"start":{"line":53,"column":4},"end":{"line":53,"column":22}},"10":{"start":{"line":57,"column":4},"end":{"line":57,"column":22}},"11":{"start":{"line":37,"column":0},"end":{"line":37,"column":13}}},"fnMap":{"0":{"name":"getNextColor","decl":{"start":{"line":33,"column":16},"end":{"line":33,"column":28}},"loc":{"start":{"line":33,"column":41},"end":{"line":35,"column":1}}},"1":{"name":"(anonymous_1)","decl":{"start":{"line":43,"column":9},"end":{"line":43,"column":13}},"loc":{"start":{"line":43,"column":13},"end":{"line":50,"column":3}}},"2":{"name":"(anonymous_2)","decl":{"start":{"line":52,"column":9},"end":{"line":52,"column":16}},"loc":{"start":{"line":52,"column":26},"end":{"line":54,"column":3}}},"3":{"name":"(anonymous_3)","decl":{"start":{"line":56,"column":9},"end":{"line":56,"column":17}},"loc":{"start":{"line":56,"column":17},"end":{"line":58,"column":3}}}},"branchMap":{"0":{"loc":{"start":{"line":44,"column":4},"end":{"line":49,"column":null}},"type":"if","locations":[{"start":{"line":44,"column":4},"end":{"line":49,"column":null}},{"start":{"line":47,"column":11},"end":{"line":49,"column":null}}]}},"s":{"0":1,"1":4,"2":1,"3":6,"4":6,"5":6,"6":4,"7":4,"8":2,"9":6,"10":4,"11":1},"f":{"0":4,"1":6,"2":6,"3":4},"b":{"0":[4,2]}}
}
