{"C:\\Users\\dali7\\Desktop\\SWE OTHER\\activity4\\src\\betterTrafficLight.ts": {"path":"C:\\Users\\dali7\\Desktop\\SWE OTHER\\activity4\\src\\betterTrafficLight.ts","statementMap":{"0":{"start":{"line":12,"column":33},"end":{"line":17,"column":2}},"1":{"start":{"line":19,"column":33},"end":{"line":24,"column":2}},"2":{"start":{"line":27,"column":2},"end":{"line":27,"column":26}},"3":{"start":{"line":26,"column":0},"end":{"line":26,"column":16}},"4":{"start":{"line":31,"column":17},"end":{"line":31,"column":22}},"5":{"start":{"line":33,"column":13},"end":{"line":33,"column":15}},"6":{"start":{"line":37,"column":4},"end":{"line":42,"column":null}},"7":{"start":{"line":38,"column":6},"end":{"line":38,"column":44}},"8":{"start":{"line":39,"column":6},"end":{"line":39,"column":42}},"9":{"start":{"line":41,"column":6},"end":{"line":41,"column":25}},"10":{"start":{"line":46,"column":4},"end":{"line":46,"column":22}},"11":{"start":{"line":50,"column":4},"end":{"line":50,"column":22}},"12":{"start":{"line":30,"column":0},"end":{"line":30,"column":13}}},"fnMap":{"0":{"name":"getNextColor","decl":{"start":{"line":26,"column":16},"end":{"line":26,"column":28}},"loc":{"start":{"line":26,"column":41},"end":{"line":28,"column":1}}},"1":{"name":"(anonymous_1)","decl":{"start":{"line":36,"column":9},"end":{"line":36,"column":13}},"loc":{"start":{"line":36,"column":13},"end":{"line":43,"column":3}}},"2":{"name":"(anonymous_2)","decl":{"start":{"line":45,"column":9},"end":{"line":45,"column":16}},"loc":{"start":{"line":45,"column":26},"end":{"line":47,"column":3}}},"3":{"name":"(anonymous_3)","decl":{"start":{"line":49,"column":9},"end":{"line":49,"column":17}},"loc":{"start":{"line":49,"column":17},"end":{"line":51,"column":3}}}},"branchMap":{"0":{"loc":{"start":{"line":37,"column":4},"end":{"line":42,"column":null}},"type":"if","locations":[{"start":{"line":37,"column":4},"end":{"line":42,"column":null}},{"start":{"line":40,"column":11},"end":{"line":42,"column":null}}]}},"s":{"0":1,"1":1,"2":4,"3":1,"4":6,"5":6,"6":6,"7":4,"8":4,"9":2,"10":6,"11":4,"12":1},"f":{"0":4,"1":6,"2":6,"3":4},"b":{"0":[4,2]}}
}
